CRITICAL - 2021-03-15 09:04:43 --> Trying to get property 'id_usuario' of non-object
#0 C:\xampp\htdocs\clase9\app\Controllers\Login.php(63): CodeIgniter\Debug\Exceptions->errorHandler(8, 'Trying to get p...', 'C:\\xampp\\htdocs...', 63, Array)
#1 C:\xampp\htdocs\clase9\vendor\codeigniter4\framework\system\CodeIgniter.php(936): App\Controllers\Login->verificaCorreo()
#2 C:\xampp\htdocs\clase9\vendor\codeigniter4\framework\system\CodeIgniter.php(432): CodeIgniter\CodeIgniter->runController(Object(App\Controllers\Login))
#3 C:\xampp\htdocs\clase9\vendor\codeigniter4\framework\system\CodeIgniter.php(333): CodeIgniter\CodeIgniter->handleRequest(NULL, Object(Config\Cache), false)
#4 C:\xampp\htdocs\clase9\index.php(44): CodeIgniter\CodeIgniter->run()
#5 {main}
CRITICAL - 2021-03-15 09:04:46 --> Trying to get property 'id_usuario' of non-object
#0 C:\xampp\htdocs\clase9\app\Controllers\Login.php(63): CodeIgniter\Debug\Exceptions->errorHandler(8, 'Trying to get p...', 'C:\\xampp\\htdocs...', 63, Array)
#1 C:\xampp\htdocs\clase9\vendor\codeigniter4\framework\system\CodeIgniter.php(936): App\Controllers\Login->verificaCorreo()
#2 C:\xampp\htdocs\clase9\vendor\codeigniter4\framework\system\CodeIgniter.php(432): CodeIgniter\CodeIgniter->runController(Object(App\Controllers\Login))
#3 C:\xampp\htdocs\clase9\vendor\codeigniter4\framework\system\CodeIgniter.php(333): CodeIgniter\CodeIgniter->handleRequest(NULL, Object(Config\Cache), false)
#4 C:\xampp\htdocs\clase9\index.php(44): CodeIgniter\CodeIgniter->run()
#5 {main}
CRITICAL - 2021-03-15 09:12:36 --> Trying to get property 'id_usuario' of non-object
#0 C:\xampp\htdocs\clase9\app\Controllers\Login.php(63): CodeIgniter\Debug\Exceptions->errorHandler(8, 'Trying to get p...', 'C:\\xampp\\htdocs...', 63, Array)
#1 C:\xampp\htdocs\clase9\vendor\codeigniter4\framework\system\CodeIgniter.php(936): App\Controllers\Login->verificaCorreo()
#2 C:\xampp\htdocs\clase9\vendor\codeigniter4\framework\system\CodeIgniter.php(432): CodeIgniter\CodeIgniter->runController(Object(App\Controllers\Login))
#3 C:\xampp\htdocs\clase9\vendor\codeigniter4\framework\system\CodeIgniter.php(333): CodeIgniter\CodeIgniter->handleRequest(NULL, Object(Config\Cache), false)
#4 C:\xampp\htdocs\clase9\index.php(44): CodeIgniter\CodeIgniter->run()
#5 {main}
