CRITICAL - 2021-03-22 07:10:56 --> Undefined index: usuario
#0 /opt/lampp/htdocs/CursoPHP/clase9/app/Controllers/Login.php(29): CodeIgniter\Debug\Exceptions->errorHandler(8, 'Undefined index...', '/opt/lampp/htdo...', 29, Array)
#1 /opt/lampp/htdocs/CursoPHP/clase9/vendor/codeigniter4/framework/system/CodeIgniter.php(936): App\Controllers\Login->verificar()
#2 /opt/lampp/htdocs/CursoPHP/clase9/vendor/codeigniter4/framework/system/CodeIgniter.php(432): CodeIgniter\CodeIgniter->runController(Object(App\Controllers\Login))
#3 /opt/lampp/htdocs/CursoPHP/clase9/vendor/codeigniter4/framework/system/CodeIgniter.php(333): CodeIgniter\CodeIgniter->handleRequest(NULL, Object(Config\Cache), false)
#4 /opt/lampp/htdocs/CursoPHP/clase9/index.php(44): CodeIgniter\CodeIgniter->run()
#5 {main}
CRITICAL - 2021-03-22 07:11:16 --> Undefined index: usuario
#0 /opt/lampp/htdocs/CursoPHP/clase9/app/Controllers/Login.php(29): CodeIgniter\Debug\Exceptions->errorHandler(8, 'Undefined index...', '/opt/lampp/htdo...', 29, Array)
#1 /opt/lampp/htdocs/CursoPHP/clase9/vendor/codeigniter4/framework/system/CodeIgniter.php(936): App\Controllers\Login->verificar()
#2 /opt/lampp/htdocs/CursoPHP/clase9/vendor/codeigniter4/framework/system/CodeIgniter.php(432): CodeIgniter\CodeIgniter->runController(Object(App\Controllers\Login))
#3 /opt/lampp/htdocs/CursoPHP/clase9/vendor/codeigniter4/framework/system/CodeIgniter.php(333): CodeIgniter\CodeIgniter->handleRequest(NULL, Object(Config\Cache), false)
#4 /opt/lampp/htdocs/CursoPHP/clase9/index.php(44): CodeIgniter\CodeIgniter->run()
#5 {main}
CRITICAL - 2021-03-22 07:11:18 --> Undefined index: usuario
#0 /opt/lampp/htdocs/CursoPHP/clase9/app/Controllers/Login.php(29): CodeIgniter\Debug\Exceptions->errorHandler(8, 'Undefined index...', '/opt/lampp/htdo...', 29, Array)
#1 /opt/lampp/htdocs/CursoPHP/clase9/vendor/codeigniter4/framework/system/CodeIgniter.php(936): App\Controllers\Login->verificar()
#2 /opt/lampp/htdocs/CursoPHP/clase9/vendor/codeigniter4/framework/system/CodeIgniter.php(432): CodeIgniter\CodeIgniter->runController(Object(App\Controllers\Login))
#3 /opt/lampp/htdocs/CursoPHP/clase9/vendor/codeigniter4/framework/system/CodeIgniter.php(333): CodeIgniter\CodeIgniter->handleRequest(NULL, Object(Config\Cache), false)
#4 /opt/lampp/htdocs/CursoPHP/clase9/index.php(44): CodeIgniter\CodeIgniter->run()
#5 {main}
CRITICAL - 2021-03-22 07:11:18 --> Undefined index: usuario
#0 /opt/lampp/htdocs/CursoPHP/clase9/app/Controllers/Login.php(29): CodeIgniter\Debug\Exceptions->errorHandler(8, 'Undefined index...', '/opt/lampp/htdo...', 29, Array)
#1 /opt/lampp/htdocs/CursoPHP/clase9/vendor/codeigniter4/framework/system/CodeIgniter.php(936): App\Controllers\Login->verificar()
#2 /opt/lampp/htdocs/CursoPHP/clase9/vendor/codeigniter4/framework/system/CodeIgniter.php(432): CodeIgniter\CodeIgniter->runController(Object(App\Controllers\Login))
#3 /opt/lampp/htdocs/CursoPHP/clase9/vendor/codeigniter4/framework/system/CodeIgniter.php(333): CodeIgniter\CodeIgniter->handleRequest(NULL, Object(Config\Cache), false)
#4 /opt/lampp/htdocs/CursoPHP/clase9/index.php(44): CodeIgniter\CodeIgniter->run()
#5 {main}
