CRITICAL - 2021-03-17 08:48:59 --> Undefined property: App\Controllers\Login::$session
#0 C:\xampp\htdocs\clase10\app\Controllers\Login.php(11): CodeIgniter\Debug\Exceptions->errorHandler(8, 'Undefined prope...', 'C:\\xampp\\htdocs...', 11, Array)
#1 C:\xampp\htdocs\clase10\vendor\codeigniter4\framework\system\CodeIgniter.php(936): App\Controllers\Login->login()
#2 C:\xampp\htdocs\clase10\vendor\codeigniter4\framework\system\CodeIgniter.php(432): CodeIgniter\CodeIgniter->runController(Object(App\Controllers\Login))
#3 C:\xampp\htdocs\clase10\vendor\codeigniter4\framework\system\CodeIgniter.php(333): CodeIgniter\CodeIgniter->handleRequest(NULL, Object(Config\Cache), false)
#4 C:\xampp\htdocs\clase10\index.php(44): CodeIgniter\CodeIgniter->run()
#5 {main}
CRITICAL - 2021-03-17 08:49:21 --> Invalid file: inicio/inicio.php
#0 C:\xampp\htdocs\clase10\vendor\codeigniter4\framework\system\View\View.php(203): CodeIgniter\Exceptions\FrameworkException::forInvalidFile('inicio/inicio.p...')
#1 C:\xampp\htdocs\clase10\vendor\codeigniter4\framework\system\Common.php(1217): CodeIgniter\View\View->render('inicio/inicio', Array, true)
#2 C:\xampp\htdocs\clase10\app\Controllers\Login.php(15): view('inicio/inicio')
#3 C:\xampp\htdocs\clase10\vendor\codeigniter4\framework\system\CodeIgniter.php(936): App\Controllers\Login->login()
#4 C:\xampp\htdocs\clase10\vendor\codeigniter4\framework\system\CodeIgniter.php(432): CodeIgniter\CodeIgniter->runController(Object(App\Controllers\Login))
#5 C:\xampp\htdocs\clase10\vendor\codeigniter4\framework\system\CodeIgniter.php(333): CodeIgniter\CodeIgniter->handleRequest(NULL, Object(Config\Cache), false)
#6 C:\xampp\htdocs\clase10\index.php(44): CodeIgniter\CodeIgniter->run()
#7 {main}
CRITICAL - 2021-03-17 09:09:26 --> syntax error, unexpected '}', expecting ';' or ','
#0 C:\xampp\htdocs\clase10\vendor\codeigniter4\framework\system\Controller.php(92): helper(Array)
#1 C:\xampp\htdocs\clase10\app\Controllers\BaseController.php(42): CodeIgniter\Controller->initController(Object(CodeIgniter\HTTP\IncomingRequest), Object(CodeIgniter\HTTP\Response), Object(CodeIgniter\Log\Logger))
#2 C:\xampp\htdocs\clase10\vendor\codeigniter4\framework\system\CodeIgniter.php(909): App\Controllers\BaseController->initController(Object(CodeIgniter\HTTP\IncomingRequest), Object(CodeIgniter\HTTP\Response), Object(CodeIgniter\Log\Logger))
#3 C:\xampp\htdocs\clase10\vendor\codeigniter4\framework\system\CodeIgniter.php(422): CodeIgniter\CodeIgniter->createController()
#4 C:\xampp\htdocs\clase10\vendor\codeigniter4\framework\system\CodeIgniter.php(333): CodeIgniter\CodeIgniter->handleRequest(NULL, Object(Config\Cache), false)
#5 C:\xampp\htdocs\clase10\index.php(44): CodeIgniter\CodeIgniter->run()
#6 {main}
CRITICAL - 2021-03-17 09:09:33 --> Using $this when not in object context
#0 C:\xampp\htdocs\clase10\app\Views\login\login.php(73): prueba()
#1 C:\xampp\htdocs\clase10\vendor\codeigniter4\framework\system\View\View.php(220): include('C:\\xampp\\htdocs...')
#2 C:\xampp\htdocs\clase10\vendor\codeigniter4\framework\system\View\View.php(222): CodeIgniter\View\View->CodeIgniter\View\{closure}()
#3 C:\xampp\htdocs\clase10\vendor\codeigniter4\framework\system\Common.php(1217): CodeIgniter\View\View->render('login/login', Array, true)
#4 C:\xampp\htdocs\clase10\app\Controllers\Login.php(17): view('login/login')
#5 C:\xampp\htdocs\clase10\vendor\codeigniter4\framework\system\CodeIgniter.php(936): App\Controllers\Login->login()
#6 C:\xampp\htdocs\clase10\vendor\codeigniter4\framework\system\CodeIgniter.php(432): CodeIgniter\CodeIgniter->runController(Object(App\Controllers\Login))
#7 C:\xampp\htdocs\clase10\vendor\codeigniter4\framework\system\CodeIgniter.php(333): CodeIgniter\CodeIgniter->handleRequest(NULL, Object(Config\Cache), false)
#8 C:\xampp\htdocs\clase10\index.php(44): CodeIgniter\CodeIgniter->run()
#9 {main}
CRITICAL - 2021-03-17 09:10:03 --> Using $this when not in object context
#0 C:\xampp\htdocs\clase10\app\Views\login\login.php(73): prueba()
#1 C:\xampp\htdocs\clase10\vendor\codeigniter4\framework\system\View\View.php(220): include('C:\\xampp\\htdocs...')
#2 C:\xampp\htdocs\clase10\vendor\codeigniter4\framework\system\View\View.php(222): CodeIgniter\View\View->CodeIgniter\View\{closure}()
#3 C:\xampp\htdocs\clase10\vendor\codeigniter4\framework\system\Common.php(1217): CodeIgniter\View\View->render('login/login', Array, true)
#4 C:\xampp\htdocs\clase10\app\Controllers\Login.php(17): view('login/login')
#5 C:\xampp\htdocs\clase10\vendor\codeigniter4\framework\system\CodeIgniter.php(936): App\Controllers\Login->login()
#6 C:\xampp\htdocs\clase10\vendor\codeigniter4\framework\system\CodeIgniter.php(432): CodeIgniter\CodeIgniter->runController(Object(App\Controllers\Login))
#7 C:\xampp\htdocs\clase10\vendor\codeigniter4\framework\system\CodeIgniter.php(333): CodeIgniter\CodeIgniter->handleRequest(NULL, Object(Config\Cache), false)
#8 C:\xampp\htdocs\clase10\index.php(44): CodeIgniter\CodeIgniter->run()
#9 {main}
CRITICAL - 2021-03-17 09:13:18 --> Call to undefined function prueba()
#0 C:\xampp\htdocs\clase10\vendor\codeigniter4\framework\system\View\View.php(220): include()
#1 C:\xampp\htdocs\clase10\vendor\codeigniter4\framework\system\View\View.php(222): CodeIgniter\View\View->CodeIgniter\View\{closure}()
#2 C:\xampp\htdocs\clase10\vendor\codeigniter4\framework\system\Common.php(1217): CodeIgniter\View\View->render('login/login', Array, true)
#3 C:\xampp\htdocs\clase10\app\Controllers\Login.php(14): view('login/login')
#4 C:\xampp\htdocs\clase10\vendor\codeigniter4\framework\system\CodeIgniter.php(936): App\Controllers\Login->login()
#5 C:\xampp\htdocs\clase10\vendor\codeigniter4\framework\system\CodeIgniter.php(432): CodeIgniter\CodeIgniter->runController(Object(App\Controllers\Login))
#6 C:\xampp\htdocs\clase10\vendor\codeigniter4\framework\system\CodeIgniter.php(333): CodeIgniter\CodeIgniter->handleRequest(NULL, Object(Config\Cache), false)
#7 C:\xampp\htdocs\clase10\index.php(44): CodeIgniter\CodeIgniter->run()
#8 {main}
CRITICAL - 2021-03-17 09:15:15 --> date() expects at least 1 parameter, 0 given
#0 [internal function]: CodeIgniter\Debug\Exceptions->errorHandler(2, 'date() expects ...', 'C:\\xampp\\htdocs...', 35, Array)
#1 C:\xampp\htdocs\clase10\app\Views\base.php(35): date()
#2 C:\xampp\htdocs\clase10\vendor\codeigniter4\framework\system\View\View.php(220): include('C:\\xampp\\htdocs...')
#3 C:\xampp\htdocs\clase10\vendor\codeigniter4\framework\system\View\View.php(222): CodeIgniter\View\View->CodeIgniter\View\{closure}()
#4 C:\xampp\htdocs\clase10\vendor\codeigniter4\framework\system\View\View.php(236): CodeIgniter\View\View->render('base', Array, true)
#5 C:\xampp\htdocs\clase10\vendor\codeigniter4\framework\system\Common.php(1217): CodeIgniter\View\View->render('inicio/dash', Array, true)
#6 C:\xampp\htdocs\clase10\app\Controllers\Inicio.php(10): view('inicio/dash')
#7 C:\xampp\htdocs\clase10\vendor\codeigniter4\framework\system\CodeIgniter.php(936): App\Controllers\Inicio->inicio()
#8 C:\xampp\htdocs\clase10\vendor\codeigniter4\framework\system\CodeIgniter.php(432): CodeIgniter\CodeIgniter->runController(Object(App\Controllers\Inicio))
#9 C:\xampp\htdocs\clase10\vendor\codeigniter4\framework\system\CodeIgniter.php(333): CodeIgniter\CodeIgniter->handleRequest(NULL, Object(Config\Cache), false)
#10 C:\xampp\htdocs\clase10\index.php(44): CodeIgniter\CodeIgniter->run()
#11 {main}
CRITICAL - 2021-03-17 09:27:42 --> Invalid file: usuarios/listado.php
#0 C:\xampp\htdocs\clase10\vendor\codeigniter4\framework\system\View\View.php(203): CodeIgniter\Exceptions\FrameworkException::forInvalidFile('usuarios/listad...')
#1 C:\xampp\htdocs\clase10\vendor\codeigniter4\framework\system\Common.php(1217): CodeIgniter\View\View->render('usuarios/listad...', Array, true)
#2 C:\xampp\htdocs\clase10\app\Controllers\Usuarios.php(10): view('usuarios/listad...')
#3 C:\xampp\htdocs\clase10\vendor\codeigniter4\framework\system\CodeIgniter.php(936): App\Controllers\Usuarios->listado()
#4 C:\xampp\htdocs\clase10\vendor\codeigniter4\framework\system\CodeIgniter.php(432): CodeIgniter\CodeIgniter->runController(Object(App\Controllers\Usuarios))
#5 C:\xampp\htdocs\clase10\vendor\codeigniter4\framework\system\CodeIgniter.php(333): CodeIgniter\CodeIgniter->handleRequest(NULL, Object(Config\Cache), false)
#6 C:\xampp\htdocs\clase10\index.php(44): CodeIgniter\CodeIgniter->run()
#7 {main}
